[0m09:46:54  Running with dbt=1.7.9
[0m09:46:55  Registered adapter: snowflake=1.7.2
[0m09:46:55  Found 5 models, 1 seed, 9 tests, 4 sources, 0 exposures, 0 metrics, 431 macros, 0 groups, 0 semantic models
[0m09:46:55  
[0m09:46:59  Concurrency: 1 threads (target='dev')
[0m09:46:59  
[0m09:46:59  1 of 15 START sql view model analytics_dev.stg_customers ....................... [RUN]
[0m09:47:00  1 of 15 OK created sql view model analytics_dev.stg_customers .................. [[32mSUCCESS 1[0m in 1.21s]
[0m09:47:00  2 of 15 START sql view model analytics_dev.stg_order_items ..................... [RUN]
[0m09:47:02  2 of 15 OK created sql view model analytics_dev.stg_order_items ................ [[32mSUCCESS 1[0m in 1.29s]
[0m09:47:02  3 of 15 START sql view model analytics_dev.stg_orders .......................... [RUN]
[0m09:47:03  3 of 15 OK created sql view model analytics_dev.stg_orders ..................... [[32mSUCCESS 1[0m in 1.33s]
[0m09:47:03  4 of 15 START sql view model analytics_dev.stg_products ........................ [RUN]
[0m09:47:05  4 of 15 OK created sql view model analytics_dev.stg_products ................... [[32mSUCCESS 1[0m in 1.66s]
[0m09:47:05  5 of 15 START seed file analytics_dev_seed_data.countries ...................... [RUN]
[0m09:47:08  5 of 15 OK loaded seed file analytics_dev_seed_data.countries .................. [[32mINSERT 5[0m in 3.01s]
[0m09:47:08  6 of 15 START test not_null_stg_customers_id ................................... [RUN]
[0m09:47:09  6 of 15 PASS not_null_stg_customers_id ......................................... [[32mPASS[0m in 1.29s]
[0m09:47:09  7 of 15 START test unique_stg_customers_id ..................................... [RUN]
[0m09:47:10  7 of 15 PASS unique_stg_customers_id ........................................... [[32mPASS[0m in 1.31s]
[0m09:47:10  8 of 15 START test not_null_stg_orders_id ...................................... [RUN]
[0m09:47:12  8 of 15 PASS not_null_stg_orders_id ............................................ [[32mPASS[0m in 1.38s]
[0m09:47:12  9 of 15 START test relationships_stg_order_items_order_id__id__ref_stg_orders_ . [RUN]
[0m09:47:14  9 of 15 PASS relationships_stg_order_items_order_id__id__ref_stg_orders_ ....... [[32mPASS[0m in 2.04s]
[0m09:47:14  10 of 15 START test relationships_stg_orders_customer_id__id__ref_stg_customers_  [RUN]
[0m09:47:15  10 of 15 PASS relationships_stg_orders_customer_id__id__ref_stg_customers_ ..... [[32mPASS[0m in 1.18s]
[0m09:47:15  11 of 15 START test unique_stg_orders_id ....................................... [RUN]
[0m09:47:16  11 of 15 PASS unique_stg_orders_id ............................................. [[32mPASS[0m in 0.90s]
[0m09:47:16  12 of 15 START test not_null_stg_products_id ................................... [RUN]
[0m09:47:17  12 of 15 PASS not_null_stg_products_id ......................................... [[32mPASS[0m in 1.35s]
[0m09:47:17  13 of 15 START test relationships_stg_order_items_product_id__id__ref_stg_products_  [RUN]
[0m09:47:19  13 of 15 PASS relationships_stg_order_items_product_id__id__ref_stg_products_ .. [[32mPASS[0m in 1.67s]
[0m09:47:19  14 of 15 START test unique_stg_products_id ..................................... [RUN]
[0m09:47:20  14 of 15 FAIL 1 unique_stg_products_id ......................................... [[31mFAIL 1[0m in 1.13s]
[0m09:47:20  15 of 15 START sql table model analytics_dev.dim_customers ..................... [RUN]
[0m09:47:23  15 of 15 OK created sql table model analytics_dev.dim_customers ................ [[32mSUCCESS 1[0m in 3.33s]
[0m09:47:23  
[0m09:47:23  Finished running 4 view models, 1 seed, 9 tests, 1 table model in 0 hours 0 minutes and 28.54 seconds (28.54s).
[0m09:47:23  
[0m09:47:23  [31mCompleted with 1 error and 0 warnings:[0m
[0m09:47:23  
[0m09:47:23  [31mFailure in test unique_stg_products_id (models/staging/schema.yml)[0m
[0m09:47:23    Got 1 result, configured to fail if != 0
[0m09:47:23  
[0m09:47:23    compiled Code at target/compiled/dbt_test/models/staging/schema.yml/unique_stg_products_id.sql
[0m09:47:23  
[0m09:47:23  Done. PASS=14 WARN=0 ERROR=1 SKIP=0 TOTAL=15
